MindsenseProducts/glm/app/build/intermediates/manifest_merge_blame_file/debug/manifest-merger-blame-debug-report.txt
1<?xml version="1.0" encoding="utf-8"?>
2<manifest xmlns:android="http://schemas.android.com/apk/res/android"
3    package="com.mindsense.salesagent"
4    android:versionCode="1"
5    android:versionName="1.0" >
6
7    <uses-sdk
8        android:minSdkVersion="26"
9        android:targetSdkVersion="34" />
10
11    <queries>
11-->src/main/AndroidManifest.xml:4:5-11:15
12        <package android:name="com.whatsapp" />
12-->src/main/AndroidManifest.xml:5:9-48
12-->src/main/AndroidManifest.xml:5:18-45
13        <package android:name="com.whatsapp.w4b" />
13-->src/main/AndroidManifest.xml:6:9-52
13-->src/main/AndroidManifest.xml:6:18-49
14        <package android:name="com.alibaba.mnnllm.android" />
14-->src/main/AndroidManifest.xml:7:9-62
14-->src/main/AndroidManifest.xml:7:18-59
15
16        <intent>
16-->src/main/AndroidManifest.xml:8:9-10:18
17            <action android:name="com.alibaba.mnnllm.LLM_SERVICE" />
17-->src/main/AndroidManifest.xml:9:13-69
17-->src/main/AndroidManifest.xml:9:21-66
18        </intent>
19    </queries>
20
21    <uses-permission android:name="android.permission.FOREGROUND_SERVICE" />
21-->src/main/AndroidManifest.xml:13:5-77
21-->src/main/AndroidManifest.xml:13:22-74
22    <uses-permission android:name="android.permission.FOREGROUND_SERVICE_MEDIA_PROJECTION" />
22-->src/main/AndroidManifest.xml:14:5-94
22-->src/main/AndroidManifest.xml:14:22-91
23    <uses-permission android:name="android.permission.FOREGROUND_SERVICE_DATA_SYNC" />
23-->src/main/AndroidManifest.xml:15:5-87
23-->src/main/AndroidManifest.xml:15:22-84
24    <uses-permission android:name="com.alibaba.mnnllm.BIND_LLM_SERVICE" />
24-->src/main/AndroidManifest.xml:16:5-75
24-->src/main/AndroidManifest.xml:16:22-72
25    <uses-permission android:name="android.permission.INTERNET" />
25-->src/main/AndroidManifest.xml:17:5-67
25-->src/main/AndroidManifest.xml:17:22-64
26
27    <permission
27-->[androidx.core:core:1.12.0] AndroidManifest.xml:22:5-24:47
28        android:name="com.mindsense.salesagent.DYNAMIC_RECEIVER_NOT_EXPORTED_PERMISSION"
28-->[androidx.core:core:1.12.0] AndroidManifest.xml:23:9-81
29        android:protectionLevel="signature" />
29-->[androidx.core:core:1.12.0] AndroidManifest.xml:24:9-44
30
31    <uses-permission android:name="com.mindsense.salesagent.DYNAMIC_RECEIVER_NOT_EXPORTED_PERMISSION" />
31-->[androidx.core:core:1.12.0] AndroidManifest.xml:26:5-97
31-->[androidx.core:core:1.12.0] AndroidManifest.xml:26:22-94
32
33    <application
33-->src/main/AndroidManifest.xml:19:5-61:19
34        android:name="com.mindsense.salesagent.App"
34-->src/main/AndroidManifest.xml:20:9-28
35        android:allowBackup="true"
35-->src/main/AndroidManifest.xml:21:9-35
36        android:appComponentFactory="androidx.core.app.CoreComponentFactory"
36-->[androidx.core:core:1.12.0] AndroidManifest.xml:28:18-86
37        android:debuggable="true"
38        android:extractNativeLibs="false"
39        android:label="Sales Agent"
39-->src/main/AndroidManifest.xml:22:9-36
40        android:theme="@style/Theme.AppCompat.Light.NoActionBar" >
40-->src/main/AndroidManifest.xml:23:9-65
41        <activity
41-->src/main/AndroidManifest.xml:25:9-32:20
42            android:name="com.mindsense.salesagent.MainActivity"
42-->src/main/AndroidManifest.xml:26:13-41
43            android:exported="true" >
43-->src/main/AndroidManifest.xml:27:13-36
44            <intent-filter>
44-->src/main/AndroidManifest.xml:28:13-31:29
45                <action android:name="android.intent.action.MAIN" />
45-->src/main/AndroidManifest.xml:29:17-69
45-->src/main/AndroidManifest.xml:29:25-66
46
47                <category android:name="android.intent.category.LAUNCHER" />
47-->src/main/AndroidManifest.xml:30:17-77
47-->src/main/AndroidManifest.xml:30:27-74
48            </intent-filter>
49        </activity>
50        <activity
50-->src/main/AndroidManifest.xml:34:9-37:40
51            android:name="com.mindsense.salesagent.capture.ScreenshotActivity"
51-->src/main/AndroidManifest.xml:35:13-55
52            android:exported="false"
52-->src/main/AndroidManifest.xml:37:13-37
53            android:theme="@android:style/Theme.Translucent.NoTitleBar" />
53-->src/main/AndroidManifest.xml:36:13-72
54
55        <service
55-->src/main/AndroidManifest.xml:39:9-42:40
56            android:name="com.mindsense.salesagent.capture.ScreenCaptureService"
56-->src/main/AndroidManifest.xml:40:13-57
57            android:exported="false"
57-->src/main/AndroidManifest.xml:42:13-37
58            android:foregroundServiceType="mediaProjection" />
58-->src/main/AndroidManifest.xml:41:13-60
59        <service
59-->src/main/AndroidManifest.xml:44:9-54:19
60            android:name="com.mindsense.salesagent.whatsapp.WhatsAppService"
60-->src/main/AndroidManifest.xml:45:13-53
61            android:exported="true"
61-->src/main/AndroidManifest.xml:47:13-36
62            android:permission="android.permission.BIND_ACCESSIBILITY_SERVICE" >
62-->src/main/AndroidManifest.xml:46:13-79
63            <intent-filter>
63-->src/main/AndroidManifest.xml:48:13-50:29
64                <action android:name="android.accessibilityservice.AccessibilityService" />
64-->src/main/AndroidManifest.xml:49:17-92
64-->src/main/AndroidManifest.xml:49:25-89
65            </intent-filter>
66
67            <meta-data
67-->src/main/AndroidManifest.xml:51:13-53:72
68                android:name="android.accessibilityservice"
68-->src/main/AndroidManifest.xml:52:17-60
69                android:resource="@xml/accessibility_service_config" />
69-->src/main/AndroidManifest.xml:53:17-69
70        </service>
71        <service
71-->src/main/AndroidManifest.xml:56:9-59:40
72            android:name="com.mindsense.salesagent.agent.SalesAgentService"
72-->src/main/AndroidManifest.xml:57:13-52
73            android:exported="false"
73-->src/main/AndroidManifest.xml:59:13-37
74            android:foregroundServiceType="dataSync" />
74-->src/main/AndroidManifest.xml:58:13-53
75
76        <provider
76-->[androidx.emoji2:emoji2:1.2.0] AndroidManifest.xml:24:9-32:20
77            android:name="androidx.startup.InitializationProvider"
77-->[androidx.emoji2:emoji2:1.2.0] AndroidManifest.xml:25:13-67
78            android:authorities="com.mindsense.salesagent.androidx-startup"
78-->[androidx.emoji2:emoji2:1.2.0] AndroidManifest.xml:26:13-68
79            android:exported="false" >
79-->[androidx.emoji2:emoji2:1.2.0] AndroidManifest.xml:27:13-37
80            <meta-data
80-->[androidx.emoji2:emoji2:1.2.0] AndroidManifest.xml:29:13-31:52
81                android:name="androidx.emoji2.text.EmojiCompatInitializer"
81-->[androidx.emoji2:emoji2:1.2.0] AndroidManifest.xml:30:17-75
82                android:value="androidx.startup" />
82-->[androidx.emoji2:emoji2:1.2.0] AndroidManifest.xml:31:17-49
83            <meta-data
83-->[androidx.lifecycle:lifecycle-process:2.4.1] AndroidManifest.xml:31:13-33:52
84                android:name="androidx.lifecycle.ProcessLifecycleInitializer"
84-->[androidx.lifecycle:lifecycle-process:2.4.1] AndroidManifest.xml:32:17-78
85                android:value="androidx.startup" />
85-->[androidx.lifecycle:lifecycle-process:2.4.1] AndroidManifest.xml:33:17-49
86        </provider>
87    </application>
88
89</manifest>